# JRE version: OpenJDK Runtime Environment Microsoft-9388422 (21.0.3+9) (build 21.0.3+9-LTS)
# Java VM: OpenJDK 64-Bit Server VM Microsoft-9388422 (21.0.3+9-LTS, mixed mode, sharing, tiered, compressed oops, compressed class ptrs, g1 gc, windows-amd64)
GC Precious Log:
 CardTable entry size: 512
 Card Set container configuration: InlinePtr #cards 4 size 8 Array Of Cards #cards 32 size 80 Howl #buckets 8 coarsen threshold 7372 Howl Bitmap #cards 1024 size 144 coarsen threshold 921 Card regions per heap region 1 cards per card region 8192
 CPUs: 8 total, 8 available
 Memory: 32652M
 Large Page Support: Disabled
 NUMA Support: Disabled
 Compressed Oops: Enabled (Zero based)
 Heap Region Size: 4M
 Heap Min Capacity: 8M
 Heap Initial Capacity: 512M
 Heap Max Capacity: 8G
 Pre-touch: Disabled
 Parallel Workers: 8
 Concurrent Workers: 2
 Concurrent Refinement Workers: 8
 Periodic GC: Disabled
Heap:
 garbage-first heap   total 823296K, used 482568K [0x0000000600000000, 0x0000000800000000)
  region size 4096K, 51 young (208896K), 2 survivors (8192K)
 Metaspace       used 131972K, committed 134336K, reserved 983040K
  class space    used 18056K, committed 19200K, reserved 851968K
GC Heap History (20 events):
Event: 19.930 GC heap before
{Heap before GC invocations=35 (full 0):
 garbage-first heap   total 307200K, used 238581K [0x0000000600000000, 0x0000000800000000)
  region size 4096K, 18 young (73728K), 1 survivors (4096K)
 Metaspace       used 112561K, committed 114944K, reserved 983040K
  class space    used 15463K, committed 16640K, reserved 851968K
}
Event: 19.939 GC heap after
{Heap after GC invocations=36 (full 0):
 garbage-first heap   total 307200K, used 170302K [0x0000000600000000, 0x0000000800000000)
  region size 4096K, 3 young (12288K), 3 survivors (12288K)
 Metaspace       used 112561K, committed 114944K, reserved 983040K
  class space    used 15463K, committed 16640K, reserved 851968K
}
Event: 20.549 GC heap before
{Heap before GC invocations=36 (full 0):
 garbage-first heap   total 307200K, used 264510K [0x0000000600000000, 0x0000000800000000)
  region size 4096K, 26 young (106496K), 3 survivors (12288K)
 Metaspace       used 113498K, committed 115840K, reserved 983040K
  class space    used 15522K, committed 16704K, reserved 851968K
}
Event: 20.561 GC heap after
{Heap after GC invocations=37 (full 0):
 garbage-first heap   total 307200K, used 167970K [0x0000000600000000, 0x0000000800000000)
  region size 4096K, 2 young (8192K), 2 survivors (8192K)
 Metaspace       used 113498K, committed 115840K, reserved 983040K
  class space    used 15522K, committed 16704K, reserved 851968K
}
Event: 21.408 GC heap before
{Heap before GC invocations=37 (full 0):
 garbage-first heap   total 307200K, used 270370K [0x0000000600000000, 0x0000000800000000)
  region size 4096K, 27 young (110592K), 2 survivors (8192K)
 Metaspace       used 115795K, committed 118144K, reserved 983040K
  class space    used 15773K, committed 16960K, reserved 851968K
}
Event: 21.415 GC heap after
{Heap after GC invocations=38 (full 0):
 garbage-first heap   total 307200K, used 171810K [0x0000000600000000, 0x0000000800000000)
  region size 4096K, 3 young (12288K), 3 survivors (12288K)
 Metaspace       used 115795K, committed 118144K, reserved 983040K
  class space    used 15773K, committed 16960K, reserved 851968K
}
Event: 22.354 GC heap before
{Heap before GC invocations=39 (full 0):
 garbage-first heap   total 307200K, used 249634K [0x0000000600000000, 0x0000000800000000)
  region size 4096K, 27 young (110592K), 3 survivors (12288K)
 Metaspace       used 117776K, committed 120128K, reserved 983040K
  class space    used 16013K, committed 17216K, reserved 851968K
}
Event: 22.367 GC heap after
{Heap after GC invocations=40 (full 0):
 garbage-first heap   total 307200K, used 159122K [0x0000000600000000, 0x0000000800000000)
  region size 4096K, 3 young (12288K), 3 survivors (12288K)
 Metaspace       used 117776K, committed 120128K, reserved 983040K
  class space    used 16013K, committed 17216K, reserved 851968K
}
Event: 23.178 GC heap before
{Heap before GC invocations=40 (full 0):
 garbage-first heap   total 307200K, used 273810K [0x0000000600000000, 0x0000000800000000)
  region size 4096K, 31 young (126976K), 3 survivors (12288K)
 Metaspace       used 122326K, committed 124672K, reserved 983040K
  class space    used 16630K, committed 17792K, reserved 851968K
}
Event: 23.195 GC heap after
{Heap after GC invocations=41 (full 0):
 garbage-first heap   total 368640K, used 154297K [0x0000000600000000, 0x0000000800000000)
  region size 4096K, 4 young (16384K), 4 survivors (16384K)
 Metaspace       used 122326K, committed 124672K, reserved 983040K
  class space    used 16630K, committed 17792K, reserved 851968K
}
Event: 23.746 GC heap before
{Heap before GC invocations=41 (full 0):
 garbage-first heap   total 368640K, used 318137K [0x0000000600000000, 0x0000000800000000)
  region size 4096K, 43 young (176128K), 4 survivors (16384K)
 Metaspace       used 123512K, committed 125888K, reserved 983040K
  class space    used 16828K, committed 17984K, reserved 851968K
}
Event: 23.781 GC heap after
{Heap after GC invocations=42 (full 0):
 garbage-first heap   total 401408K, used 218670K [0x0000000600000000, 0x0000000800000000)
  region size 4096K, 6 young (24576K), 6 survivors (24576K)
 Metaspace       used 123512K, committed 125888K, reserved 983040K
  class space    used 16828K, committed 17984K, reserved 851968K
}
Event: 24.210 GC heap before
{Heap before GC invocations=42 (full 0):
 garbage-first heap   total 401408K, used 329262K [0x0000000600000000, 0x0000000800000000)
  region size 4096K, 33 young (135168K), 6 survivors (24576K)
 Metaspace       used 125484K, committed 127872K, reserved 983040K
  class space    used 17252K, committed 18432K, reserved 851968K
}
Event: 24.258 GC heap after
{Heap after GC invocations=43 (full 0):
 garbage-first heap   total 405504K, used 270174K [0x0000000600000000, 0x0000000800000000)
  region size 4096K, 5 young (20480K), 5 survivors (20480K)
 Metaspace       used 125484K, committed 127872K, reserved 983040K
  class space    used 17252K, committed 18432K, reserved 851968K
}
Event: 24.938 GC heap before
{Heap before GC invocations=44 (full 0):
 garbage-first heap   total 512000K, used 335710K [0x0000000600000000, 0x0000000800000000)
  region size 4096K, 22 young (90112K), 5 survivors (20480K)
 Metaspace       used 128305K, committed 130624K, reserved 983040K
  class space    used 17617K, committed 18752K, reserved 851968K
}
Event: 24.969 GC heap after
{Heap after GC invocations=45 (full 0):
 garbage-first heap   total 512000K, used 285759K [0x0000000600000000, 0x0000000800000000)
  region size 4096K, 3 young (12288K), 3 survivors (12288K)
 Metaspace       used 128305K, committed 130624K, reserved 983040K
  class space    used 17617K, committed 18752K, reserved 851968K
}
Event: 25.618 GC heap before
{Heap before GC invocations=45 (full 0):
 garbage-first heap   total 512000K, used 412735K [0x0000000600000000, 0x0000000800000000)
  region size 4096K, 32 young (131072K), 3 survivors (12288K)
 Metaspace       used 129821K, committed 132160K, reserved 983040K
  class space    used 17853K, committed 19008K, reserved 851968K
}
Event: 25.646 GC heap after
{Heap after GC invocations=46 (full 0):
 garbage-first heap   total 512000K, used 294399K [0x0000000600000000, 0x0000000800000000)
  region size 4096K, 4 young (16384K), 4 survivors (16384K)
 Metaspace       used 129821K, committed 132160K, reserved 983040K
  class space    used 17853K, committed 19008K, reserved 851968K
}
Event: 26.169 GC heap before
{Heap before GC invocations=46 (full 0):
 garbage-first heap   total 512000K, used 413183K [0x0000000600000000, 0x0000000800000000)
  region size 4096K, 34 young (139264K), 4 survivors (16384K)
 Metaspace       used 130516K, committed 132864K, reserved 983040K
  class space    used 17922K, committed 19072K, reserved 851968K
}
Event: 26.179 GC heap after
{Heap after GC invocations=47 (full 0):
 garbage-first heap   total 823296K, used 294152K [0x0000000600000000, 0x0000000800000000)
  region size 4096K, 2 young (8192K), 2 survivors (8192K)
 Metaspace       used 130516K, committed 132864K, reserved 983040K
  class space    used 17922K, committed 19072K, reserved 851968K
}

