# JRE version: OpenJDK Runtime Environment Microsoft-9388422 (21.0.3+9) (build 21.0.3+9-LTS)
# Java VM: OpenJDK 64-Bit Server VM Microsoft-9388422 (21.0.3+9-LTS, mixed mode, sharing, tiered, compressed oops, compressed class ptrs, g1 gc, windows-amd64)
GC Precious Log:
 CardTable entry size: 512
 Card Set container configuration: InlinePtr #cards 4 size 8 Array Of Cards #cards 16 size 48 Howl #buckets 8 coarsen threshold 3686 Howl Bitmap #cards 512 size 80 coarsen threshold 460 Card regions per heap region 1 cards per card region 4096
 CPUs: 8 total, 8 available
 Memory: 32652M
 Large Page Support: Disabled
 NUMA Support: Disabled
 Compressed Oops: Enabled (Zero based)
 Heap Region Size: 2M
 Heap Min Capacity: 8M
 Heap Initial Capacity: 512M
 Heap Max Capacity: 4G
 Pre-touch: Disabled
 Parallel Workers: 8
 Concurrent Workers: 2
 Concurrent Refinement Workers: 8
 Periodic GC: Disabled
Heap:
 garbage-first heap   total 397312K, used 277357K [0x0000000700000000, 0x0000000800000000)
  region size 2048K, 16 young (32768K), 3 survivors (6144K)
 Metaspace       used 133212K, committed 135680K, reserved 557056K
  class space    used 18038K, committed 19264K, reserved 425984K
GC Heap History (20 events):
Event: 36.017 GC heap before
{Heap before GC invocations=39 (full 0):
 garbage-first heap   total 243712K, used 206606K [0x0000000700000000, 0x0000000800000000)
  region size 2048K, 33 young (67584K), 5 survivors (10240K)
 Metaspace       used 110174K, committed 112576K, reserved 557056K
  class space    used 15200K, committed 16448K, reserved 425984K
}
Event: 36.032 GC heap after
{Heap after GC invocations=40 (full 0):
 garbage-first heap   total 243712K, used 165550K [0x0000000700000000, 0x0000000800000000)
  region size 2048K, 5 young (10240K), 5 survivors (10240K)
 Metaspace       used 110174K, committed 112576K, reserved 557056K
  class space    used 15200K, committed 16448K, reserved 425984K
}
Event: 36.772 GC heap before
{Heap before GC invocations=41 (full 0):
 garbage-first heap   total 290816K, used 229038K [0x0000000700000000, 0x0000000800000000)
  region size 2048K, 30 young (61440K), 5 survivors (10240K)
 Metaspace       used 111503K, committed 113856K, reserved 557056K
  class space    used 15295K, committed 16512K, reserved 425984K
}
Event: 36.785 GC heap after
{Heap after GC invocations=42 (full 0):
 garbage-first heap   total 290816K, used 174080K [0x0000000700000000, 0x0000000800000000)
  region size 2048K, 4 young (8192K), 4 survivors (8192K)
 Metaspace       used 111503K, committed 113856K, reserved 557056K
  class space    used 15295K, committed 16512K, reserved 425984K
}
Event: 37.472 GC heap before
{Heap before GC invocations=42 (full 0):
 garbage-first heap   total 290816K, used 249856K [0x0000000700000000, 0x0000000800000000)
  region size 2048K, 42 young (86016K), 4 survivors (8192K)
 Metaspace       used 113901K, committed 116352K, reserved 557056K
  class space    used 15532K, committed 16768K, reserved 425984K
}
Event: 37.492 GC heap after
{Heap after GC invocations=43 (full 0):
 garbage-first heap   total 290816K, used 179525K [0x0000000700000000, 0x0000000800000000)
  region size 2048K, 5 young (10240K), 5 survivors (10240K)
 Metaspace       used 113901K, committed 116352K, reserved 557056K
  class space    used 15532K, committed 16768K, reserved 425984K
}
Event: 38.530 GC heap before
{Heap before GC invocations=43 (full 0):
 garbage-first heap   total 290816K, used 253253K [0x0000000700000000, 0x0000000800000000)
  region size 2048K, 42 young (86016K), 5 survivors (10240K)
 Metaspace       used 115141K, committed 117504K, reserved 557056K
  class space    used 15644K, committed 16832K, reserved 425984K
}
Event: 38.539 GC heap after
{Heap after GC invocations=44 (full 0):
 garbage-first heap   total 290816K, used 177742K [0x0000000700000000, 0x0000000800000000)
  region size 2048K, 1 young (2048K), 1 survivors (2048K)
 Metaspace       used 115141K, committed 117504K, reserved 557056K
  class space    used 15644K, committed 16832K, reserved 425984K
}
Event: 40.094 GC heap before
{Heap before GC invocations=45 (full 0):
 garbage-first heap   total 290816K, used 247374K [0x0000000700000000, 0x0000000800000000)
  region size 2048K, 42 young (86016K), 1 survivors (2048K)
 Metaspace       used 116925K, committed 119360K, reserved 557056K
  class space    used 15841K, committed 17088K, reserved 425984K
}
Event: 40.103 GC heap after
{Heap after GC invocations=46 (full 0):
 garbage-first heap   total 290816K, used 168757K [0x0000000700000000, 0x0000000800000000)
  region size 2048K, 4 young (8192K), 4 survivors (8192K)
 Metaspace       used 116925K, committed 119360K, reserved 557056K
  class space    used 15841K, committed 17088K, reserved 425984K
}
Event: 41.827 GC heap before
{Heap before GC invocations=46 (full 0):
 garbage-first heap   total 290816K, used 258869K [0x0000000700000000, 0x0000000800000000)
  region size 2048K, 49 young (100352K), 4 survivors (8192K)
 Metaspace       used 119132K, committed 121600K, reserved 557056K
  class space    used 16104K, committed 17344K, reserved 425984K
}
Event: 41.841 GC heap after
{Heap after GC invocations=47 (full 0):
 garbage-first heap   total 290816K, used 145741K [0x0000000700000000, 0x0000000800000000)
  region size 2048K, 7 young (14336K), 7 survivors (14336K)
 Metaspace       used 119132K, committed 121600K, reserved 557056K
  class space    used 16104K, committed 17344K, reserved 425984K
}
Event: 43.425 GC heap before
{Heap before GC invocations=47 (full 0):
 garbage-first heap   total 290816K, used 287053K [0x0000000700000000, 0x0000000800000000)
  region size 2048K, 61 young (124928K), 7 survivors (14336K)
 Metaspace       used 123079K, committed 125504K, reserved 557056K
  class space    used 16654K, committed 17856K, reserved 425984K
}
Event: 43.445 GC heap after
{Heap after GC invocations=48 (full 0):
 garbage-first heap   total 323584K, used 181420K [0x0000000700000000, 0x0000000800000000)
  region size 2048K, 8 young (16384K), 8 survivors (16384K)
 Metaspace       used 123079K, committed 125504K, reserved 557056K
  class space    used 16654K, committed 17856K, reserved 425984K
}
Event: 44.102 GC heap before
{Heap before GC invocations=48 (full 0):
 garbage-first heap   total 323584K, used 281772K [0x0000000700000000, 0x0000000800000000)
  region size 2048K, 58 young (118784K), 8 survivors (16384K)
 Metaspace       used 126009K, committed 128384K, reserved 557056K
  class space    used 17244K, committed 18432K, reserved 425984K
}
Event: 44.133 GC heap after
{Heap after GC invocations=49 (full 0):
 garbage-first heap   total 391168K, used 206802K [0x0000000700000000, 0x0000000800000000)
  region size 2048K, 8 young (16384K), 8 survivors (16384K)
 Metaspace       used 126009K, committed 128384K, reserved 557056K
  class space    used 17244K, committed 18432K, reserved 425984K
}
Event: 44.972 GC heap before
{Heap before GC invocations=49 (full 0):
 garbage-first heap   total 391168K, used 327634K [0x0000000700000000, 0x0000000800000000)
  region size 2048K, 68 young (139264K), 8 survivors (16384K)
 Metaspace       used 127457K, committed 129856K, reserved 557056K
  class space    used 17443K, committed 18624K, reserved 425984K
}
Event: 45.045 GC heap after
{Heap after GC invocations=50 (full 0):
 garbage-first heap   total 397312K, used 257988K [0x0000000700000000, 0x0000000800000000)
  region size 2048K, 9 young (18432K), 9 survivors (18432K)
 Metaspace       used 127457K, committed 129856K, reserved 557056K
  class space    used 17443K, committed 18624K, reserved 425984K
}
Event: 46.197 GC heap before
{Heap before GC invocations=50 (full 0):
 garbage-first heap   total 397312K, used 335812K [0x0000000700000000, 0x0000000800000000)
  region size 2048K, 48 young (98304K), 9 survivors (18432K)
 Metaspace       used 132849K, committed 135296K, reserved 557056K
  class space    used 17992K, committed 19200K, reserved 425984K
}
Event: 46.225 GC heap after
{Heap after GC invocations=51 (full 0):
 garbage-first heap   total 397312K, used 265069K [0x0000000700000000, 0x0000000800000000)
  region size 2048K, 3 young (6144K), 3 survivors (6144K)
 Metaspace       used 132849K, committed 135296K, reserved 557056K
  class space    used 17992K, committed 19200K, reserved 425984K
}

