# JRE version: OpenJDK Runtime Environment Microsoft-9388422 (21.0.3+9) (build 21.0.3+9-LTS)
# Java VM: OpenJDK 64-Bit Server VM Microsoft-9388422 (21.0.3+9-LTS, mixed mode, sharing, tiered, compressed oops, compressed class ptrs, g1 gc, windows-amd64)
GC Precious Log:
 CardTable entry size: 512
 Card Set container configuration: InlinePtr #cards 4 size 8 Array Of Cards #cards 32 size 80 Howl #buckets 8 coarsen threshold 7372 Howl Bitmap #cards 1024 size 144 coarsen threshold 921 Card regions per heap region 1 cards per card region 8192
 CPUs: 8 total, 8 available
 Memory: 32652M
 Large Page Support: Disabled
 NUMA Support: Disabled
 Compressed Oops: Enabled (Zero based)
 Heap Region Size: 4M
 Heap Min Capacity: 8M
 Heap Initial Capacity: 512M
 Heap Max Capacity: 8G
 Pre-touch: Disabled
 Parallel Workers: 8
 Concurrent Workers: 2
 Concurrent Refinement Workers: 8
 Periodic GC: Disabled
Heap:
 garbage-first heap   total 876544K, used 437699K [0x0000000600000000, 0x0000000800000000)
  region size 4096K, 10 young (40960K), 10 survivors (40960K)
 Metaspace       used 165441K, committed 168128K, reserved 1048576K
  class space    used 21495K, committed 22848K, reserved 851968K
GC Heap History (20 events):
Event: 65.993 GC heap after
{Heap after GC invocations=56 (full 0):
 garbage-first heap   total 724992K, used 410025K [0x0000000600000000, 0x0000000800000000)
  region size 4096K, 2 young (8192K), 2 survivors (8192K)
 Metaspace       used 139547K, committed 142016K, reserved 983040K
  class space    used 18754K, committed 19968K, reserved 851968K
}
Event: 316.529 GC heap before
{Heap before GC invocations=56 (full 0):
 garbage-first heap   total 724992K, used 610729K [0x0000000600000000, 0x0000000800000000)
  region size 4096K, 52 young (212992K), 2 survivors (8192K)
 Metaspace       used 149615K, committed 152192K, reserved 1048576K
  class space    used 19847K, committed 21184K, reserved 851968K
}
Event: 316.542 GC heap after
{Heap after GC invocations=57 (full 0):
 garbage-first heap   total 724992K, used 416586K [0x0000000600000000, 0x0000000800000000)
  region size 4096K, 3 young (12288K), 3 survivors (12288K)
 Metaspace       used 149615K, committed 152192K, reserved 1048576K
  class space    used 19847K, committed 21184K, reserved 851968K
}
Event: 320.273 GC heap before
{Heap before GC invocations=58 (full 0):
 garbage-first heap   total 724992K, used 609098K [0x0000000600000000, 0x0000000800000000)
  region size 4096K, 54 young (221184K), 3 survivors (12288K)
 Metaspace       used 150077K, committed 152704K, reserved 1048576K
  class space    used 19851K, committed 21184K, reserved 851968K
}
Event: 320.304 GC heap after
{Heap after GC invocations=59 (full 0):
 garbage-first heap   total 724992K, used 430956K [0x0000000600000000, 0x0000000800000000)
  region size 4096K, 7 young (28672K), 7 survivors (28672K)
 Metaspace       used 150077K, committed 152704K, reserved 1048576K
  class space    used 19851K, committed 21184K, reserved 851968K
}
Event: 321.144 GC heap before
{Heap before GC invocations=59 (full 0):
 garbage-first heap   total 724992K, used 623468K [0x0000000600000000, 0x0000000800000000)
  region size 4096K, 55 young (225280K), 7 survivors (28672K)
 Metaspace       used 150267K, committed 152896K, reserved 1048576K
  class space    used 19857K, committed 21184K, reserved 851968K
}
Event: 321.169 GC heap after
{Heap after GC invocations=60 (full 0):
 garbage-first heap   total 724992K, used 367293K [0x0000000600000000, 0x0000000800000000)
  region size 4096K, 2 young (8192K), 2 survivors (8192K)
 Metaspace       used 150267K, committed 152896K, reserved 1048576K
  class space    used 19857K, committed 21184K, reserved 851968K
}
Event: 322.155 GC heap before
{Heap before GC invocations=60 (full 0):
 garbage-first heap   total 724992K, used 621245K [0x0000000600000000, 0x0000000800000000)
  region size 4096K, 62 young (253952K), 2 survivors (8192K)
 Metaspace       used 150443K, committed 153024K, reserved 1048576K
  class space    used 19860K, committed 21184K, reserved 851968K
}
Event: 322.238 GC heap after
{Heap after GC invocations=61 (full 0):
 garbage-first heap   total 876544K, used 397312K [0x0000000600000000, 0x0000000800000000)
  region size 4096K, 8 young (32768K), 8 survivors (32768K)
 Metaspace       used 150443K, committed 153024K, reserved 1048576K
  class space    used 19860K, committed 21184K, reserved 851968K
}
Event: 323.834 GC heap before
{Heap before GC invocations=61 (full 0):
 garbage-first heap   total 876544K, used 700416K [0x0000000600000000, 0x0000000800000000)
  region size 4096K, 80 young (327680K), 8 survivors (32768K)
 Metaspace       used 150493K, committed 153088K, reserved 1048576K
  class space    used 19860K, committed 21184K, reserved 851968K
}
Event: 323.939 GC heap after
{Heap after GC invocations=62 (full 0):
 garbage-first heap   total 876544K, used 405504K [0x0000000600000000, 0x0000000800000000)
  region size 4096K, 10 young (40960K), 10 survivors (40960K)
 Metaspace       used 150493K, committed 153088K, reserved 1048576K
  class space    used 19860K, committed 21184K, reserved 851968K
}
Event: 325.657 GC heap before
{Heap before GC invocations=62 (full 0):
 garbage-first heap   total 876544K, used 688127K [0x0000000600000000, 0x0000000800000000)
  region size 4096K, 80 young (327680K), 10 survivors (40960K)
 Metaspace       used 150585K, committed 153152K, reserved 1048576K
  class space    used 19861K, committed 21184K, reserved 851968K
}
Event: 325.706 GC heap after
{Heap after GC invocations=63 (full 0):
 garbage-first heap   total 876544K, used 441410K [0x0000000600000000, 0x0000000800000000)
  region size 4096K, 8 young (32768K), 8 survivors (32768K)
 Metaspace       used 150585K, committed 153152K, reserved 1048576K
  class space    used 19861K, committed 21184K, reserved 851968K
}
Event: 325.791 GC heap before
{Heap before GC invocations=63 (full 0):
 garbage-first heap   total 876544K, used 453698K [0x0000000600000000, 0x0000000800000000)
  region size 4096K, 12 young (49152K), 8 survivors (32768K)
 Metaspace       used 150591K, committed 153152K, reserved 1048576K
  class space    used 19861K, committed 21184K, reserved 851968K
}
Event: 325.799 GC heap after
{Heap after GC invocations=64 (full 0):
 garbage-first heap   total 876544K, used 434771K [0x0000000600000000, 0x0000000800000000)
  region size 4096K, 1 young (4096K), 1 survivors (4096K)
 Metaspace       used 150591K, committed 153152K, reserved 1048576K
  class space    used 19861K, committed 21184K, reserved 851968K
}
Event: 331.275 GC heap before
{Heap before GC invocations=65 (full 0):
 garbage-first heap   total 876544K, used 770643K [0x0000000600000000, 0x0000000800000000)
  region size 4096K, 75 young (307200K), 1 survivors (4096K)
 Metaspace       used 150865K, committed 153472K, reserved 1048576K
  class space    used 19867K, committed 21184K, reserved 851968K
}
Event: 331.345 GC heap after
{Heap after GC invocations=66 (full 0):
 garbage-first heap   total 876544K, used 505327K [0x0000000600000000, 0x0000000800000000)
  region size 4096K, 10 young (40960K), 10 survivors (40960K)
 Metaspace       used 150865K, committed 153472K, reserved 1048576K
  class space    used 19867K, committed 21184K, reserved 851968K
}
Event: 336.340 GC heap before
{Heap before GC invocations=66 (full 0):
 garbage-first heap   total 876544K, used 730607K [0x0000000600000000, 0x0000000800000000)
  region size 4096K, 66 young (270336K), 10 survivors (40960K)
 Metaspace       used 150916K, committed 153536K, reserved 1048576K
  class space    used 19868K, committed 21184K, reserved 851968K
}
Event: 336.452 GC heap after
{Heap after GC invocations=67 (full 0):
 garbage-first heap   total 876544K, used 451749K [0x0000000600000000, 0x0000000800000000)
  region size 4096K, 9 young (36864K), 9 survivors (36864K)
 Metaspace       used 150916K, committed 153536K, reserved 1048576K
  class space    used 19868K, committed 21184K, reserved 851968K
}
Event: 348.684 GC heap before
{Heap before GC invocations=67 (full 0):
 garbage-first heap   total 876544K, used 730277K [0x0000000600000000, 0x0000000800000000)
  region size 4096K, 75 young (307200K), 9 survivors (36864K)
 Metaspace       used 165441K, committed 168128K, reserved 1048576K
  class space    used 21495K, committed 22848K, reserved 851968K
}

