# JRE version: OpenJDK Runtime Environment (21.0.5) (build 21.0.5+-12932927-b750.29)
# Java VM: OpenJDK 64-Bit Server VM (21.0.5+-12932927-b750.29, mixed mode, tiered, compressed oops, compressed class ptrs, g1 gc, windows-amd64)
GC Precious Log:
 CardTable entry size: 512
 Card Set container configuration: InlinePtr #cards 4 size 8 Array Of Cards #cards 32 size 80 Howl #buckets 8 coarsen threshold 7372 Howl Bitmap #cards 1024 size 144 coarsen threshold 921 Card regions per heap region 1 cards per card region 8192
 CPUs: 8 total, 8 available
 Memory: 32652M
 Large Page Support: Disabled
 NUMA Support: Disabled
 Compressed Oops: Enabled (Zero based)
 Heap Region Size: 4M
 Heap Min Capacity: 8M
 Heap Initial Capacity: 512M
 Heap Max Capacity: 8G
 Pre-touch: Disabled
 Parallel Workers: 8
 Concurrent Workers: 2
 Concurrent Refinement Workers: 8
 Periodic GC: Disabled
Heap:
 garbage-first heap   total 544768K, used 379688K [0x0000000600000000, 0x0000000800000000)
  region size 4096K, 36 young (147456K), 4 survivors (16384K)
 Metaspace       used 142766K, committed 145088K, reserved 983040K
  class space    used 19313K, committed 20480K, reserved 851968K
GC Heap History (20 events):
Event: 12.749 GC heap before
{Heap before GC invocations=20 (full 0):
 garbage-first heap   total 311296K, used 240730K [0x0000000600000000, 0x0000000800000000)
  region size 4096K, 41 young (167936K), 3 survivors (12288K)
 Metaspace       used 98490K, committed 100480K, reserved 983040K
  class space    used 13298K, committed 14272K, reserved 851968K
}
Event: 12.760 GC heap after
{Heap after GC invocations=21 (full 0):
 garbage-first heap   total 311296K, used 93920K [0x0000000600000000, 0x0000000800000000)
  region size 4096K, 5 young (20480K), 5 survivors (20480K)
 Metaspace       used 98490K, committed 100480K, reserved 983040K
  class space    used 13298K, committed 14272K, reserved 851968K
}
Event: 12.950 GC heap before
{Heap before GC invocations=21 (full 0):
 garbage-first heap   total 311296K, used 110304K [0x0000000600000000, 0x0000000800000000)
  region size 4096K, 10 young (40960K), 5 survivors (20480K)
 Metaspace       used 99921K, committed 101888K, reserved 983040K
  class space    used 13515K, committed 14528K, reserved 851968K
}
Event: 12.962 GC heap after
{Heap after GC invocations=22 (full 0):
 garbage-first heap   total 311296K, used 94775K [0x0000000600000000, 0x0000000800000000)
  region size 4096K, 3 young (12288K), 3 survivors (12288K)
 Metaspace       used 99921K, committed 101888K, reserved 983040K
  class space    used 13515K, committed 14528K, reserved 851968K
}
Event: 14.964 GC heap before
{Heap before GC invocations=23 (full 0):
 garbage-first heap   total 311296K, used 262711K [0x0000000600000000, 0x0000000800000000)
  region size 4096K, 44 young (180224K), 3 survivors (12288K)
 Metaspace       used 112503K, committed 114624K, reserved 983040K
  class space    used 15274K, committed 16320K, reserved 851968K
}
Event: 14.977 GC heap after
{Heap after GC invocations=24 (full 0):
 garbage-first heap   total 311296K, used 106864K [0x0000000600000000, 0x0000000800000000)
  region size 4096K, 6 young (24576K), 6 survivors (24576K)
 Metaspace       used 112503K, committed 114624K, reserved 983040K
  class space    used 15274K, committed 16320K, reserved 851968K
}
Event: 16.658 GC heap before
{Heap before GC invocations=24 (full 0):
 garbage-first heap   total 311296K, used 262512K [0x0000000600000000, 0x0000000800000000)
  region size 4096K, 44 young (180224K), 6 survivors (24576K)
 Metaspace       used 116774K, committed 118912K, reserved 983040K
  class space    used 15776K, committed 16832K, reserved 851968K
}
Event: 16.684 GC heap after
{Heap after GC invocations=25 (full 0):
 garbage-first heap   total 311296K, used 112453K [0x0000000600000000, 0x0000000800000000)
  region size 4096K, 6 young (24576K), 6 survivors (24576K)
 Metaspace       used 116774K, committed 118912K, reserved 983040K
  class space    used 15776K, committed 16832K, reserved 851968K
}
Event: 17.999 GC heap before
{Heap before GC invocations=25 (full 0):
 garbage-first heap   total 311296K, used 259909K [0x0000000600000000, 0x0000000800000000)
  region size 4096K, 43 young (176128K), 6 survivors (24576K)
 Metaspace       used 120301K, committed 122560K, reserved 983040K
  class space    used 16210K, committed 17344K, reserved 851968K
}
Event: 18.023 GC heap after
{Heap after GC invocations=26 (full 0):
 garbage-first heap   total 311296K, used 121758K [0x0000000600000000, 0x0000000800000000)
  region size 4096K, 3 young (12288K), 3 survivors (12288K)
 Metaspace       used 120301K, committed 122560K, reserved 983040K
  class space    used 16210K, committed 17344K, reserved 851968K
}
Event: 19.036 GC heap before
{Heap before GC invocations=27 (full 0):
 garbage-first heap   total 311296K, used 277406K [0x0000000600000000, 0x0000000800000000)
  region size 4096K, 39 young (159744K), 3 survivors (12288K)
 Metaspace       used 125604K, committed 127808K, reserved 983040K
  class space    used 17004K, committed 18112K, reserved 851968K
}
Event: 19.062 GC heap after
{Heap after GC invocations=28 (full 0):
 garbage-first heap   total 339968K, used 172457K [0x0000000600000000, 0x0000000800000000)
  region size 4096K, 5 young (20480K), 5 survivors (20480K)
 Metaspace       used 125604K, committed 127808K, reserved 983040K
  class space    used 17004K, committed 18112K, reserved 851968K
}
Event: 19.531 GC heap before
{Heap before GC invocations=28 (full 0):
 garbage-first heap   total 339968K, used 283049K [0x0000000600000000, 0x0000000800000000)
  region size 4096K, 32 young (131072K), 5 survivors (20480K)
 Metaspace       used 127363K, committed 129600K, reserved 983040K
  class space    used 17348K, committed 18432K, reserved 851968K
}
Event: 19.596 GC heap after
{Heap after GC invocations=29 (full 0):
 garbage-first heap   total 360448K, used 225147K [0x0000000600000000, 0x0000000800000000)
  region size 4096K, 4 young (16384K), 4 survivors (16384K)
 Metaspace       used 127363K, committed 129600K, reserved 983040K
  class space    used 17348K, committed 18432K, reserved 851968K
}
Event: 20.589 GC heap before
{Heap before GC invocations=29 (full 0):
 garbage-first heap   total 360448K, used 298875K [0x0000000600000000, 0x0000000800000000)
  region size 4096K, 22 young (90112K), 4 survivors (16384K)
 Metaspace       used 131737K, committed 133952K, reserved 983040K
  class space    used 17909K, committed 19008K, reserved 851968K
}
Event: 20.615 GC heap after
{Heap after GC invocations=30 (full 0):
 garbage-first heap   total 544768K, used 239615K [0x0000000600000000, 0x0000000800000000)
  region size 4096K, 3 young (12288K), 3 survivors (12288K)
 Metaspace       used 131737K, committed 133952K, reserved 983040K
  class space    used 17909K, committed 19008K, reserved 851968K
}
Event: 22.202 GC heap before
{Heap before GC invocations=31 (full 0):
 garbage-first heap   total 544768K, used 403455K [0x0000000600000000, 0x0000000800000000)
  region size 4096K, 45 young (184320K), 3 survivors (12288K)
 Metaspace       used 137540K, committed 139776K, reserved 983040K
  class space    used 18790K, committed 19904K, reserved 851968K
}
Event: 22.222 GC heap after
{Heap after GC invocations=32 (full 0):
 garbage-first heap   total 544768K, used 249405K [0x0000000600000000, 0x0000000800000000)
  region size 4096K, 6 young (24576K), 6 survivors (24576K)
 Metaspace       used 137540K, committed 139776K, reserved 983040K
  class space    used 18790K, committed 19904K, reserved 851968K
}
Event: 23.469 GC heap before
{Heap before GC invocations=32 (full 0):
 garbage-first heap   total 544768K, used 425533K [0x0000000600000000, 0x0000000800000000)
  region size 4096K, 50 young (204800K), 6 survivors (24576K)
 Metaspace       used 142284K, committed 144576K, reserved 983040K
  class space    used 19303K, committed 20480K, reserved 851968K
}
Event: 23.497 GC heap after
{Heap after GC invocations=33 (full 0):
 garbage-first heap   total 544768K, used 256808K [0x0000000600000000, 0x0000000800000000)
  region size 4096K, 4 young (16384K), 4 survivors (16384K)
 Metaspace       used 142284K, committed 144576K, reserved 983040K
  class space    used 19303K, committed 20480K, reserved 851968K
}

